<?xml version="1.0" encoding="UTF-8"?>
<testng-results ignored="0" total="4" passed="4" failed="0" skipped="0">
  <reporter-output>
  </reporter-output>
  <suite started-at="2023-08-11T04:23:34 IST" name="Default suite" finished-at="2023-08-11T04:28:52 IST" duration-ms="317806">
    <groups>
    </groups>
    <test started-at="2023-08-11T04:23:34 IST" name="Default test" finished-at="2023-08-11T04:28:52 IST" duration-ms="317806">
      <class name="testcases.CurrencyManagement">
        <test-method is-config="true" signature="setUp()[pri:0, instance:testcases.CurrencyManagement@48ae9b55]" started-at="2023-08-11T04:23:34 IST" name="setUp" finished-at="2023-08-11T04:24:00 IST" duration-ms="25931" status="PASS">
          <reporter-output>
          </reporter-output>
        </test-method> <!-- setUp -->
        <test-method is-config="true" signature="beforeMethod(java.lang.reflect.Method)[pri:0, instance:testcases.CurrencyManagement@48ae9b55]" started-at="2023-08-11T04:24:00 IST" name="beforeMethod" finished-at="2023-08-11T04:24:01 IST" duration-ms="228" status="PASS">
          <params>
            <param index="0">
              <value>
                <![CDATA[public void testcases.CurrencyManagement.currencyValidationCheck()]]>
              </value>
            </param>
          </params>
          <reporter-output>
          </reporter-output>
        </test-method> <!-- beforeMethod -->
        <test-method signature="currencyValidationCheck()[pri:1, instance:testcases.CurrencyManagement@48ae9b55]" started-at="2023-08-11T04:24:01 IST" name="currencyValidationCheck" finished-at="2023-08-11T04:25:58 IST" duration-ms="117363" status="PASS">
          <reporter-output>
          </reporter-output>
        </test-method> <!-- currencyValidationCheck -->
        <test-method is-config="true" signature="reportWrapUp(org.testng.ITestResult,java.lang.reflect.Method)[pri:0, instance:testcases.CurrencyManagement@48ae9b55]" started-at="2023-08-11T04:25:58 IST" name="reportWrapUp" finished-at="2023-08-11T04:25:58 IST" duration-ms="3" status="PASS">
          <params>
            <param index="0">
              <value>
                <![CDATA[[TestResult name=currencyValidationCheck status=SUCCESS method=CurrencyManagement.currencyValidationCheck()[pri:1, instance:testcases.CurrencyManagement@48ae9b55] output={null}]]]>
              </value>
            </param>
            <param index="1">
              <value>
                <![CDATA[public void testcases.CurrencyManagement.currencyValidationCheck()]]>
              </value>
            </param>
          </params>
          <reporter-output>
          </reporter-output>
        </test-method> <!-- reportWrapUp -->
        <test-method is-config="true" signature="beforeMethod(java.lang.reflect.Method)[pri:0, instance:testcases.CurrencyManagement@48ae9b55]" started-at="2023-08-11T04:25:58 IST" name="beforeMethod" finished-at="2023-08-11T04:25:58 IST" duration-ms="1" status="PASS">
          <params>
            <param index="0">
              <value>
                <![CDATA[public void testcases.CurrencyManagement.SourcecurrencyDuplicateValidation()]]>
              </value>
            </param>
          </params>
          <reporter-output>
          </reporter-output>
        </test-method> <!-- beforeMethod -->
        <test-method signature="SourcecurrencyDuplicateValidation()[pri:2, instance:testcases.CurrencyManagement@48ae9b55]" started-at="2023-08-11T04:25:58 IST" name="SourcecurrencyDuplicateValidation" finished-at="2023-08-11T04:27:04 IST" duration-ms="66029" status="PASS">
          <reporter-output>
          </reporter-output>
        </test-method> <!-- SourcecurrencyDuplicateValidation -->
        <test-method is-config="true" signature="reportWrapUp(org.testng.ITestResult,java.lang.reflect.Method)[pri:0, instance:testcases.CurrencyManagement@48ae9b55]" started-at="2023-08-11T04:27:04 IST" name="reportWrapUp" finished-at="2023-08-11T04:27:04 IST" duration-ms="0" status="PASS">
          <params>
            <param index="0">
              <value>
                <![CDATA[[TestResult name=SourcecurrencyDuplicateValidation status=SUCCESS method=CurrencyManagement.SourcecurrencyDuplicateValidation()[pri:2, instance:testcases.CurrencyManagement@48ae9b55] output={null}]]]>
              </value>
            </param>
            <param index="1">
              <value>
                <![CDATA[public void testcases.CurrencyManagement.SourcecurrencyDuplicateValidation()]]>
              </value>
            </param>
          </params>
          <reporter-output>
          </reporter-output>
        </test-method> <!-- reportWrapUp -->
        <test-method is-config="true" signature="beforeMethod(java.lang.reflect.Method)[pri:0, instance:testcases.CurrencyManagement@48ae9b55]" started-at="2023-08-11T04:27:04 IST" name="beforeMethod" finished-at="2023-08-11T04:27:04 IST" duration-ms="1" status="PASS">
          <params>
            <param index="0">
              <value>
                <![CDATA[public void testcases.CurrencyManagement.BasecurrencyDuplicateValidation()]]>
              </value>
            </param>
          </params>
          <reporter-output>
          </reporter-output>
        </test-method> <!-- beforeMethod -->
        <test-method signature="BasecurrencyDuplicateValidation()[pri:3, instance:testcases.CurrencyManagement@48ae9b55]" started-at="2023-08-11T04:27:04 IST" name="BasecurrencyDuplicateValidation" finished-at="2023-08-11T04:27:51 IST" duration-ms="46889" status="PASS">
          <reporter-output>
          </reporter-output>
        </test-method> <!-- BasecurrencyDuplicateValidation -->
        <test-method is-config="true" signature="reportWrapUp(org.testng.ITestResult,java.lang.reflect.Method)[pri:0, instance:testcases.CurrencyManagement@48ae9b55]" started-at="2023-08-11T04:27:51 IST" name="reportWrapUp" finished-at="2023-08-11T04:27:51 IST" duration-ms="1" status="PASS">
          <params>
            <param index="0">
              <value>
                <![CDATA[[TestResult name=BasecurrencyDuplicateValidation status=SUCCESS method=CurrencyManagement.BasecurrencyDuplicateValidation()[pri:3, instance:testcases.CurrencyManagement@48ae9b55] output={null}]]]>
              </value>
            </param>
            <param index="1">
              <value>
                <![CDATA[public void testcases.CurrencyManagement.BasecurrencyDuplicateValidation()]]>
              </value>
            </param>
          </params>
          <reporter-output>
          </reporter-output>
        </test-method> <!-- reportWrapUp -->
        <test-method signature="addNewCurrencyAndDelete()[pri:4, instance:testcases.CurrencyManagement@48ae9b55]" started-at="2023-08-11T04:27:51 IST" name="addNewCurrencyAndDelete" finished-at="2023-08-11T04:28:52 IST" duration-ms="60874" status="PASS">
          <reporter-output>
          </reporter-output>
        </test-method> <!-- addNewCurrencyAndDelete -->
        <test-method is-config="true" signature="beforeMethod(java.lang.reflect.Method)[pri:0, instance:testcases.CurrencyManagement@48ae9b55]" started-at="2023-08-11T04:27:51 IST" name="beforeMethod" finished-at="2023-08-11T04:27:51 IST" duration-ms="0" status="PASS">
          <params>
            <param index="0">
              <value>
                <![CDATA[public void testcases.CurrencyManagement.addNewCurrencyAndDelete()]]>
              </value>
            </param>
          </params>
          <reporter-output>
          </reporter-output>
        </test-method> <!-- beforeMethod -->
        <test-method is-config="true" signature="reportWrapUp(org.testng.ITestResult,java.lang.reflect.Method)[pri:0, instance:testcases.CurrencyManagement@48ae9b55]" started-at="2023-08-11T04:28:52 IST" name="reportWrapUp" finished-at="2023-08-11T04:28:52 IST" duration-ms="0" status="PASS">
          <params>
            <param index="0">
              <value>
                <![CDATA[[TestResult name=addNewCurrencyAndDelete status=SUCCESS method=CurrencyManagement.addNewCurrencyAndDelete()[pri:4, instance:testcases.CurrencyManagement@48ae9b55] output={null}]]]>
              </value>
            </param>
            <param index="1">
              <value>
                <![CDATA[public void testcases.CurrencyManagement.addNewCurrencyAndDelete()]]>
              </value>
            </param>
          </params>
          <reporter-output>
          </reporter-output>
        </test-method> <!-- reportWrapUp -->
        <test-method is-config="true" signature="closeBrowser()[pri:0, instance:testcases.CurrencyManagement@48ae9b55]" started-at="2023-08-11T04:28:52 IST" name="closeBrowser" finished-at="2023-08-11T04:28:52 IST" duration-ms="404" status="PASS">
          <reporter-output>
          </reporter-output>
        </test-method> <!-- closeBrowser -->
        <test-method is-config="true" signature="close()[pri:0, instance:testcases.CurrencyManagement@48ae9b55]" started-at="2023-08-11T04:28:52 IST" name="close" finished-at="2023-08-11T04:28:53 IST" duration-ms="433" status="PASS">
          <reporter-output>
          </reporter-output>
        </test-method> <!-- close -->
      </class> <!-- testcases.CurrencyManagement -->
    </test> <!-- Default test -->
  </suite> <!-- Default suite -->
</testng-results>
