<?xml version="1.0" encoding="UTF-8"?>
<!-- Generated by org.testng.reporters.JUnitXMLReporter -->
<testsuite ignored="3" hostname="COG-WIN-MAC03" failures="0" tests="1" name="Default test" time="73.337" errors="0" timestamp="2022-11-29T14:52:07 IST">
  <testcase classname="testcases.Status" name="addStatus" time="61.501"/>
  <testcase classname="testcases.Status" name="validationCheck" time="0.0">
    <ignored/>
  </testcase> <!-- validationCheck -->
  <testcase classname="testcases.Status" name="StatusListing" time="0.0">
    <ignored/>
  </testcase> <!-- StatusListing -->
  <testcase classname="testcases.Status" name="EditStatus" time="0.0">
    <ignored/>
  </testcase> <!-- EditStatus -->
</testsuite> <!-- Default test -->
