<?xml version="1.0" encoding="UTF-8"?>
<!-- Generated by org.testng.reporters.JUnitXMLReporter -->
<testsuite ignored="0" hostname="COG-WIN-MAC03" failures="0" tests="4" name="Default test" time="317.806" errors="0" timestamp="2023-08-11T04:28:52 IST">
  <testcase classname="testcases.CurrencyManagement" name="currencyValidationCheck" time="117.363"/>
  <testcase classname="testcases.CurrencyManagement" name="SourcecurrencyDuplicateValidation" time="66.029"/>
  <testcase classname="testcases.CurrencyManagement" name="BasecurrencyDuplicateValidation" time="46.889"/>
  <testcase classname="testcases.CurrencyManagement" name="addNewCurrencyAndDelete" time="60.874"/>
</testsuite> <!-- Default test -->
