<?xml version="1.0" encoding="UTF-8"?>
<!-- Generated by org.testng.reporters.JUnitXMLReporter -->
<testsuite ignored="31" hostname="COG-WIN-MAC03" failures="1" tests="120" name="TestName" time="7968.525" errors="0" timestamp="2022-12-08T16:36:00 IST">
  <testcase classname="testcases.Announcement" name="ValidationCheck" time="28.178"/>
  <testcase classname="testcases.Announcement" name="AddSearchDeleteAnnouncement" time="67.722"/>
  <testcase classname="testcases.Break" name="AddBreakValidationCheck" time="31.606"/>
  <testcase classname="testcases.Break" name="AddBreak" time="64.139"/>
  <testcase classname="testcases.Break" name="EditBreak" time="58.093"/>
  <testcase classname="testcases.CannedReply" name="ValidationCheck" time="41.566"/>
  <testcase classname="testcases.CannedReply" name="AddCannedReply" time="64.887"/>
  <testcase classname="testcases.CannedReply" name="SearchActiveInactiveDeleteCannedReply" time="64.785"/>
  <testcase classname="testcases.Category" name="addCategoryValidationCheck" time="31.4"/>
  <testcase classname="testcases.Category" name="addCategory" time="42.803"/>
  <testcase classname="testcases.Category" name="editCategory" time="53.428"/>
  <testcase classname="testcases.Category" name="CategoryListing" time="75.617"/>
  <testcase classname="testcases.Channel" name="validationCheck" time="34.584"/>
  <testcase classname="testcases.Channel" name="addChannel" time="46.441"/>
  <testcase classname="testcases.Channel" name="editChannel" time="60.007"/>
  <testcase classname="testcases.Channel" name="channellisting" time="79.011"/>
  <testcase classname="testcases.CompanyHolidays" name="ValidationCheck" time="38.153"/>
  <testcase classname="testcases.CompanyHolidays" name="AddCompanyHolidayFullDay" time="62.219"/>
  <testcase classname="testcases.CompanyHolidays" name="ActiveInactiveSearch" time="60.399"/>
  <testcase classname="testcases.CompanyNotification" name="mainMultiCheckboxVerification" time="53.756"/>
  <testcase classname="testcases.CompanyNotification" name="moduleWiseCheckverification" time="240.179"/>
  <testcase classname="testcases.ContactType" name="validationCheck" time="32.755"/>
  <testcase classname="testcases.ContactType" name="addContactType" time="49.787"/>
  <testcase classname="testcases.ContactType" name="editContactType" time="63.208"/>
  <testcase classname="testcases.ContactType" name="contactTypeListing" time="89.646"/>
  <testcase classname="testcases.CRMRoleTitle" name="validationCheck" time="33.708"/>
  <testcase classname="testcases.CRMRoleTitle" name="addCRMRoleTitlePage" time="50.335"/>
  <testcase classname="testcases.CRMRoleTitle" name="editCRMRoleTitlePage" time="58.673"/>
  <testcase classname="testcases.CRMRoleTitle" name="CRMRoleTitleStatusModificationAndValidation" time="86.527"/>
  <testcase classname="testcases.CurrencyManagement" name="currencyValidationCheck" time="98.418"/>
  <testcase classname="testcases.CurrencyManagement" name="SourcecurrencyDuplicateValidation" time="57.077"/>
  <testcase classname="testcases.CurrencyManagement" name="BasecurrencyDuplicateValidation" time="42.928"/>
  <testcase classname="testcases.CurrencyManagement" name="addNewCurrencyAndDelete" time="56.812"/>
  <testcase classname="testcases.Department" name="addDepartmentValidationCheck" time="36.325"/>
  <testcase classname="testcases.Department" name="addDepartment" time="57.647"/>
  <testcase classname="testcases.Department" name="editDepartment" time="52.898"/>
  <testcase classname="testcases.Department" name="departmentListing" time="71.118"/>
  <testcase classname="testcases.Designation" name="addDesignationValidationCheck" time="35.983"/>
  <testcase classname="testcases.Designation" name="addDesignation" time="51.898"/>
  <testcase classname="testcases.Designation" name="editDesignation" time="66.121"/>
  <testcase classname="testcases.Designation" name="designationListing" time="81.706"/>
  <testcase classname="testcases.Emailtemplate" name="validationCheck" time="89.28"/>
  <testcase classname="testcases.Emailtemplate" name="addEmailTemplate" time="52.474"/>
  <testcase classname="testcases.Emailtemplate" name="editEmailTemplate" time="62.236"/>
  <testcase classname="testcases.Emailtemplate" name="emailTemplateListing" time="90.515"/>
  <testcase classname="testcases.Emailtemplate" name="addAdvancedEmailTemplate" time="52.784"/>
  <testcase classname="testcases.Feedback" name="validationCheck" time="82.56"/>
  <testcase classname="testcases.Feedback" name="addFeedback" time="104.103"/>
  <testcase classname="testcases.Feedback" name="editFeedback" time="70.827"/>
  <testcase classname="testcases.Feedback" name="feedbacklisting" time="86.449"/>
  <testcase classname="testcases.Feedback" name="deleteAlltickets" time="52.118"/>
  <testcase classname="testcases.Greeting" name="validationCheck" time="31.347"/>
  <testcase classname="testcases.Greeting" name="addGreeting" time="153.061"/>
  <testcase classname="testcases.IndustryType" name="addIndustryTypeValidation" time="35.403"/>
  <testcase classname="testcases.IndustryType" name="addIndustryType" time="48.628"/>
  <testcase classname="testcases.IndustryType" name="editIndustryType" time="78.056"/>
  <testcase classname="testcases.IndustryType" name="IndustryTypeListing" time="98.624"/>
  <testcase classname="testcases.PaymentGateway" name="addPaymentGatewayValidation" time="35.837"/>
  <testcase classname="testcases.PaymentGateway" name="addPaymentGateway" time="69.862"/>
  <testcase classname="testcases.PaymentGateway" name="editPaymentGateway" time="64.185"/>
  <testcase classname="testcases.PaymentGateway" name="PaymentGatewayListing" time="38.53"/>
  <testcase classname="testcases.Phase" name="validationCheck" time="34.801"/>
  <testcase classname="testcases.Phase" name="addPhase" time="48.001"/>
  <testcase classname="testcases.Phase" name="editPhase" time="60.416"/>
  <testcase classname="testcases.Phase" name="phaseListing" time="73.961"/>
  <testcase classname="testcases.Priority" name="validationCheck" time="41.727"/>
  <testcase classname="testcases.Priority" name="addPriority" time="52.344"/>
  <testcase classname="testcases.Priority" name="editPriority" time="63.343"/>
  <testcase classname="testcases.Priority" name="priorityListing" time="79.075"/>
  <testcase classname="testcases.Question" name="validationCheck" time="39.567"/>
  <testcase classname="testcases.Question" name="addQuestion" time="90.842"/>
  <testcase classname="testcases.Question" name="editQuestion" time="65.826"/>
  <testcase classname="testcases.Question" name="priorityListing" time="75.922"/>
  <testcase classname="testcases.ReviewTemplate" name="validationCheck" time="48.724">
    <failure type="java.lang.AssertionError" message=" Company Setup Page -  element not present">
      <![CDATA[java.lang.AssertionError:  Company Setup Page -  element not present
at utils.WebBasePage.click(WebBasePage.java:126)
at pageobjects.ReviewTemplatePage.clickCompanySetupPage(ReviewTemplatePage.java:59)
at Action.ReviewTemplateAction.goToReviewTemplateTab(ReviewTemplateAction.java:23)
at testcases.ReviewTemplate.validationCheck(ReviewTemplate.java:20)
at java.base/java.util.ArrayList.forEach(ArrayList.java:1511)
... Removed 28 stack frames]]>
    </failure>
  </testcase> <!-- validationCheck -->
  <testcase classname="testcases.ReviewTemplate" name="addReviewTemplate" time="52.744"/>
  <testcase classname="testcases.ReviewTemplate" name="editReviewTemplate" time="59.837"/>
  <testcase classname="testcases.ReviewTemplate" name="ReviewTemplateStatusModificationAndValidation" time="87.519"/>
  <testcase classname="testcases.Service" name="validationCheck" time="37.017"/>
  <testcase classname="testcases.Service" name="addService" time="49.935"/>
  <testcase classname="testcases.Service" name="editService" time="60.954"/>
  <testcase classname="testcases.Service" name="ServiceListing" time="81.311"/>
  <testcase classname="testcases.Shift" name="validationCheck" time="38.807"/>
  <testcase classname="testcases.Shift" name="addShiftFexible" time="76.115"/>
  <testcase classname="testcases.Shift" name="editShiftFexible" time="62.624"/>
  <testcase classname="testcases.Shift" name="ServiceListing" time="75.474"/>
  <testcase classname="testcases.Skill" name="validationCheck" time="37.747"/>
  <testcase classname="testcases.Skill" name="addSkill" time="53.518"/>
  <testcase classname="testcases.Skill" name="EditSkill" time="63.772"/>
  <testcase classname="testcases.Skill" name="SkillListing" time="75.139"/>
  <testcase classname="testcases.Stage" name="validationCheck" time="37.185"/>
  <testcase classname="testcases.Stage" name="addStage" time="103.799"/>
  <testcase classname="testcases.Stage" name="EditStage" time="65.813"/>
  <testcase classname="testcases.Stage" name="StageListing" time="75.996"/>
  <testcase classname="testcases.Status" name="validationCheck" time="36.75"/>
  <testcase classname="testcases.Status" name="addStatus" time="69.557"/>
  <testcase classname="testcases.Status" name="EditStatus" time="64.488"/>
  <testcase classname="testcases.Status" name="StatusListing" time="75.299"/>
  <testcase classname="testcases.TaxAndDiscount" name="ValidationCheck" time="33.678"/>
  <testcase classname="testcases.TaxAndDiscount" name="AddTaxAndDiscount" time="55.355"/>
  <testcase classname="testcases.TaxAndDiscount" name="ActiveAndINactive" time="46.305"/>
  <testcase classname="testcases.TemplateMapping" name="addTemplateMappingValidation" time="34.036"/>
  <testcase classname="testcases.TemplateMapping" name="addTemplateMapping" time="73.183"/>
  <testcase classname="testcases.TemplateMapping" name="TrainingFeedbacklisting" time="79.16"/>
  <testcase classname="testcases.TrainingFeedback" name="addFeedbackValidationCheck" time="81.45"/>
  <testcase classname="testcases.TrainingFeedback" name="addTrainingFeedback" time="52.349"/>
  <testcase classname="testcases.TrainingFeedback" name="editTrainingFeedback" time="77.587"/>
  <testcase classname="testcases.TrainingFeedback" name="TrainingFeedbacklisting" time="133.814"/>
  <testcase classname="testcases.Trip" name="validationCheck" time="35.998"/>
  <testcase classname="testcases.Trip" name="addTrip" time="48.557"/>
  <testcase classname="testcases.Trip" name="EditTrip" time="66.061"/>
  <testcase classname="testcases.Trip" name="TripListing" time="75.67"/>
  <testcase classname="testcases.UserTitle" name="validationCheck" time="33.807"/>
  <testcase classname="testcases.UserTitle" name="addUserTitle" time="47.417"/>
  <testcase classname="testcases.UserTitle" name="EditUserTitle" time="63.644"/>
  <testcase classname="testcases.UserTitle" name="StageListing" time="74.564"/>
  <testcase classname="testcases.Venue" name="addVenueValidationCheck" time="56.895"/>
  <testcase classname="testcases.Venue" name="addVenue" time="65.116"/>
  <testcase classname="testcases.Venue" name="editVenue" time="86.144"/>
  <testcase classname="testcases.Venue" name="addLayout" time="94.683"/>
  <testcase classname="testcases.Venue" name="deleteVenue" time="60.291"/>
  <testcase classname="utils.WebTestBase" name="@AfterSuite close" time="0.0">
    <ignored/>
  </testcase> <!-- @AfterSuite close -->
  <testcase classname="utils.WebTestBase" name="@AfterSuite close" time="0.0">
    <ignored/>
  </testcase> <!-- @AfterSuite close -->
  <testcase classname="utils.WebTestBase" name="@AfterSuite close" time="0.0">
    <ignored/>
  </testcase> <!-- @AfterSuite close -->
  <testcase classname="utils.WebTestBase" name="@AfterSuite close" time="0.0">
    <ignored/>
  </testcase> <!-- @AfterSuite close -->
  <testcase classname="utils.WebTestBase" name="@AfterSuite close" time="0.0">
    <ignored/>
  </testcase> <!-- @AfterSuite close -->
  <testcase classname="utils.WebTestBase" name="@AfterSuite close" time="0.0">
    <ignored/>
  </testcase> <!-- @AfterSuite close -->
  <testcase classname="utils.WebTestBase" name="@AfterSuite close" time="0.0">
    <ignored/>
  </testcase> <!-- @AfterSuite close -->
  <testcase classname="utils.WebTestBase" name="@AfterSuite close" time="0.0">
    <ignored/>
  </testcase> <!-- @AfterSuite close -->
  <testcase classname="utils.WebTestBase" name="@AfterSuite close" time="0.0">
    <ignored/>
  </testcase> <!-- @AfterSuite close -->
  <testcase classname="utils.WebTestBase" name="@AfterSuite close" time="0.0">
    <ignored/>
  </testcase> <!-- @AfterSuite close -->
  <testcase classname="utils.WebTestBase" name="@AfterSuite close" time="0.0">
    <ignored/>
  </testcase> <!-- @AfterSuite close -->
  <testcase classname="utils.WebTestBase" name="@AfterSuite close" time="0.0">
    <ignored/>
  </testcase> <!-- @AfterSuite close -->
  <testcase classname="utils.WebTestBase" name="@AfterSuite close" time="0.0">
    <ignored/>
  </testcase> <!-- @AfterSuite close -->
  <testcase classname="utils.WebTestBase" name="@AfterSuite close" time="0.0">
    <ignored/>
  </testcase> <!-- @AfterSuite close -->
  <testcase classname="utils.WebTestBase" name="@AfterSuite close" time="0.0">
    <ignored/>
  </testcase> <!-- @AfterSuite close -->
  <testcase classname="utils.WebTestBase" name="@AfterSuite close" time="0.0">
    <ignored/>
  </testcase> <!-- @AfterSuite close -->
  <testcase classname="utils.WebTestBase" name="@AfterSuite close" time="0.0">
    <ignored/>
  </testcase> <!-- @AfterSuite close -->
  <testcase classname="utils.WebTestBase" name="@AfterSuite close" time="0.0">
    <ignored/>
  </testcase> <!-- @AfterSuite close -->
  <testcase classname="utils.WebTestBase" name="@AfterSuite close" time="0.0">
    <ignored/>
  </testcase> <!-- @AfterSuite close -->
  <testcase classname="utils.WebTestBase" name="@AfterSuite close" time="0.0">
    <ignored/>
  </testcase> <!-- @AfterSuite close -->
  <testcase classname="utils.WebTestBase" name="@AfterSuite close" time="0.0">
    <ignored/>
  </testcase> <!-- @AfterSuite close -->
  <testcase classname="utils.WebTestBase" name="@AfterSuite close" time="0.0">
    <ignored/>
  </testcase> <!-- @AfterSuite close -->
  <testcase classname="utils.WebTestBase" name="@AfterSuite close" time="0.0">
    <ignored/>
  </testcase> <!-- @AfterSuite close -->
  <testcase classname="utils.WebTestBase" name="@AfterSuite close" time="0.0">
    <ignored/>
  </testcase> <!-- @AfterSuite close -->
  <testcase classname="utils.WebTestBase" name="@AfterSuite close" time="0.0">
    <ignored/>
  </testcase> <!-- @AfterSuite close -->
  <testcase classname="utils.WebTestBase" name="@AfterSuite close" time="0.0">
    <ignored/>
  </testcase> <!-- @AfterSuite close -->
  <testcase classname="utils.WebTestBase" name="@AfterSuite close" time="0.0">
    <ignored/>
  </testcase> <!-- @AfterSuite close -->
  <testcase classname="utils.WebTestBase" name="@AfterSuite close" time="0.0">
    <ignored/>
  </testcase> <!-- @AfterSuite close -->
  <testcase classname="utils.WebTestBase" name="@AfterSuite close" time="0.0">
    <ignored/>
  </testcase> <!-- @AfterSuite close -->
  <testcase classname="utils.WebTestBase" name="@AfterSuite close" time="0.0">
    <ignored/>
  </testcase> <!-- @AfterSuite close -->
  <testcase classname="utils.WebTestBase" name="@AfterSuite close" time="0.0">
    <ignored/>
  </testcase> <!-- @AfterSuite close -->
</testsuite> <!-- TestName -->
