<?xml version="1.0" encoding="UTF-8"?>
<!-- Generated by org.testng.reporters.JUnitXMLReporter -->
<testsuite ignored="30" hostname="COG-WIN-MAC03" failures="3" tests="116" name="TestName" time="7246.598" errors="0" timestamp="2022-11-11T11:59:24 IST">
  <testcase classname="testcases.Announcement" name="ValidationCheck" time="29.611"/>
  <testcase classname="testcases.Announcement" name="AddSearchDeleteAnnouncement" time="68.172"/>
  <testcase classname="testcases.Break" name="AddBreakValidationCheck" time="30.379"/>
  <testcase classname="testcases.Break" name="AddBreak" time="63.39"/>
  <testcase classname="testcases.Break" name="EditBreak" time="57.848"/>
  <testcase classname="testcases.CannedReply" name="ValidationCheck" time="40.632"/>
  <testcase classname="testcases.CannedReply" name="AddCannedReply" time="64.358"/>
  <testcase classname="testcases.CannedReply" name="SearchActiveInactiveDeleteCannedReply" time="64.335"/>
  <testcase classname="testcases.Category" name="addCategoryValidationCheck" time="32.237"/>
  <testcase classname="testcases.Category" name="addCategory" time="43.106"/>
  <testcase classname="testcases.Category" name="editCategory" time="53.473"/>
  <testcase classname="testcases.Category" name="CategoryListing" time="77.172"/>
  <testcase classname="testcases.Channel" name="validationCheck" time="34.086"/>
  <testcase classname="testcases.Channel" name="addChannel" time="45.948"/>
  <testcase classname="testcases.Channel" name="editChannel" time="59.463"/>
  <testcase classname="testcases.Channel" name="channellisting" time="80.079"/>
  <testcase classname="testcases.CompanyHolidays" name="ValidationCheck" time="36.501"/>
  <testcase classname="testcases.CompanyHolidays" name="AddCompanyHolidayFullDay" time="62.199"/>
  <testcase classname="testcases.CompanyHolidays" name="ActiveInactiveSearch" time="59.138"/>
  <testcase classname="testcases.CompanyNotification" name="mainMultiCheckboxVerification" time="52.001"/>
  <testcase classname="testcases.CompanyNotification" name="moduleWiseCheckverification" time="243.751"/>
  <testcase classname="testcases.ContactType" name="validationCheck" time="32.706"/>
  <testcase classname="testcases.ContactType" name="addContactType" time="47.405"/>
  <testcase classname="testcases.ContactType" name="editContactType" time="55.181"/>
  <testcase classname="testcases.ContactType" name="contactTypeListing" time="84.539"/>
  <testcase classname="testcases.CRMRoleTitle" name="validationCheck" time="33.336"/>
  <testcase classname="testcases.CRMRoleTitle" name="addCRMRoleTitlePage" time="50.552"/>
  <testcase classname="testcases.CRMRoleTitle" name="editCRMRoleTitlePage" time="58.497"/>
  <testcase classname="testcases.CRMRoleTitle" name="CRMRoleTitleStatusModificationAndValidation" time="86.517"/>
  <testcase classname="testcases.CurrencyManagement" name="currencyValidationCheck" time="100.476"/>
  <testcase classname="testcases.CurrencyManagement" name="SourcecurrencyDuplicateValidation" time="57.034"/>
  <testcase classname="testcases.CurrencyManagement" name="BasecurrencyDuplicateValidation" time="43.237"/>
  <testcase classname="testcases.CurrencyManagement" name="addNewCurrencyAndDelete" time="56.49"/>
  <testcase classname="testcases.Department" name="addDepartmentValidationCheck" time="35.657"/>
  <testcase classname="testcases.Department" name="addDepartment" time="62.126"/>
  <testcase classname="testcases.Department" name="editDepartment" time="60.751"/>
  <testcase classname="testcases.Department" name="departmentListing" time="89.133"/>
  <testcase classname="testcases.Designation" name="addDesignationValidationCheck" time="34.756"/>
  <testcase classname="testcases.Designation" name="addDesignation" time="47.717"/>
  <testcase classname="testcases.Designation" name="editDesignation" time="66.642"/>
  <testcase classname="testcases.Designation" name="designationListing" time="84.377"/>
  <testcase classname="testcases.Emailtemplate" name="validationCheck" time="89.158"/>
  <testcase classname="testcases.Emailtemplate" name="addEmailTemplate" time="52.445"/>
  <testcase classname="testcases.Emailtemplate" name="editEmailTemplate" time="61.875"/>
  <testcase classname="testcases.Emailtemplate" name="emailTemplateListing" time="91.039"/>
  <testcase classname="testcases.Emailtemplate" name="addAdvancedEmailTemplate" time="54.257"/>
  <testcase classname="testcases.Feedback" name="validationCheck" time="83.361"/>
  <testcase classname="testcases.Feedback" name="addFeedback" time="104.259"/>
  <testcase classname="testcases.Feedback" name="editFeedback" time="73.955"/>
  <testcase classname="testcases.Feedback" name="feedbacklisting" time="78.325"/>
  <testcase classname="testcases.Feedback" name="deleteAlltickets" time="45.78"/>
  <testcase classname="testcases.Greeting" name="validationCheck" time="28.281"/>
  <testcase classname="testcases.Greeting" name="addGreeting" time="155.382"/>
  <testcase classname="testcases.IndustryType" name="addIndustryTypeValidation" time="34.325"/>
  <testcase classname="testcases.IndustryType" name="addIndustryType" time="48.115"/>
  <testcase classname="testcases.IndustryType" name="editIndustryType" time="77.483"/>
  <testcase classname="testcases.IndustryType" name="IndustryTypeListing" time="97.055"/>
  <testcase classname="testcases.PaymentGateway" name="addPaymentGatewayValidation" time="34.462"/>
  <testcase classname="testcases.PaymentGateway" name="addPaymentGateway" time="69.146"/>
  <testcase classname="testcases.PaymentGateway" name="editPaymentGateway" time="64.553"/>
  <testcase classname="testcases.PaymentGateway" name="PaymentGatewayListing" time="39.19"/>
  <testcase classname="testcases.Phase" name="validationCheck" time="35.483"/>
  <testcase classname="testcases.Phase" name="addPhase" time="48.339"/>
  <testcase classname="testcases.Phase" name="editPhase" time="61.107"/>
  <testcase classname="testcases.Phase" name="phaseListing" time="74.569"/>
  <testcase classname="testcases.Priority" name="validationCheck" time="35.252"/>
  <testcase classname="testcases.Priority" name="addPriority" time="49.867"/>
  <testcase classname="testcases.Priority" name="editPriority" time="62.148"/>
  <testcase classname="testcases.Priority" name="priorityListing" time="76.511"/>
  <testcase classname="testcases.Question" name="validationCheck" time="34.355"/>
  <testcase classname="testcases.Question" name="addQuestion" time="38.323">
    <failure type="java.lang.AssertionError" message="java.lang.NullPointerException: Cannot invoke &amp;quot;org.openqa.selenium.WebElement.clear()&amp;quot; because &amp;quot;element&amp;quot; is null">
      <![CDATA[java.lang.AssertionError: java.lang.NullPointerException: Cannot invoke "org.openqa.selenium.WebElement.clear()" because "element" is null
at utils.WebBasePage.enter(WebBasePage.java:81)
at pageobjects.UserLoginPage.enterUserName(UserLoginPage.java:37)
at pageobjects.UserLoginPage.forcefulLogOutLogin(UserLoginPage.java:83)
at Action.LoginAction.logoutLogin(LoginAction.java:25)
at testcases.Question.addQuestion(Question.java:38)
at java.base/java.util.ArrayList.forEach(ArrayList.java:1511)
... Removed 28 stack frames]]>
    </failure>
  </testcase> <!-- addQuestion -->
  <testcase classname="testcases.Question" name="editQuestion" time="25.403">
    <failure type="java.lang.AssertionError" message="java.lang.IllegalArgumentException: Keys to send should be a not null CharSequence">
      <![CDATA[java.lang.AssertionError: java.lang.IllegalArgumentException: Keys to send should be a not null CharSequence
at utils.WebBasePage.enter(WebBasePage.java:81)
at pageobjects.QuestionPage.enterSearchText(QuestionPage.java:161)
at Action.QuestionAction.editCreatedQuestion(QuestionAction.java:51)
at testcases.Question.editQuestion(Question.java:50)
at java.base/java.util.ArrayList.forEach(ArrayList.java:1511)
... Removed 28 stack frames]]>
    </failure>
  </testcase> <!-- editQuestion -->
  <testcase classname="testcases.Question" name="priorityListing" time="42.855">
    <failure type="java.lang.AssertionError" message="java.lang.IllegalArgumentException: Keys to send should be a not null CharSequence">
      <![CDATA[java.lang.AssertionError: java.lang.IllegalArgumentException: Keys to send should be a not null CharSequence
at utils.WebBasePage.enter(WebBasePage.java:81)
at pageobjects.QuestionPage.enterSearchText(QuestionPage.java:161)
at Action.QuestionAction.ActiveStatus(QuestionAction.java:64)
at testcases.Question.priorityListing(Question.java:62)
at java.base/java.util.ArrayList.forEach(ArrayList.java:1511)
... Removed 28 stack frames]]>
    </failure>
  </testcase> <!-- priorityListing -->
  <testcase classname="testcases.ReviewTemplate" name="validationCheck" time="36.743"/>
  <testcase classname="testcases.ReviewTemplate" name="addReviewTemplate" time="51.389"/>
  <testcase classname="testcases.ReviewTemplate" name="editReviewTemplate" time="58.919"/>
  <testcase classname="testcases.ReviewTemplate" name="ReviewTemplateStatusModificationAndValidation" time="89.437"/>
  <testcase classname="testcases.Service" name="validationCheck" time="35.577"/>
  <testcase classname="testcases.Service" name="addService" time="49.769"/>
  <testcase classname="testcases.Service" name="editService" time="60.17"/>
  <testcase classname="testcases.Service" name="ServiceListing" time="73.856"/>
  <testcase classname="testcases.Shift" name="validationCheck" time="35.38"/>
  <testcase classname="testcases.Shift" name="addShiftFexible" time="75.566"/>
  <testcase classname="testcases.Shift" name="editShiftFexible" time="63.263"/>
  <testcase classname="testcases.Shift" name="ServiceListing" time="75.36"/>
  <testcase classname="testcases.Skill" name="validationCheck" time="34.97"/>
  <testcase classname="testcases.Skill" name="addSkill" time="50.197"/>
  <testcase classname="testcases.Skill" name="EditSkill" time="63.331"/>
  <testcase classname="testcases.Skill" name="SkillListing" time="74.358"/>
  <testcase classname="testcases.Stage" name="validationCheck" time="32.885"/>
  <testcase classname="testcases.Stage" name="addStage" time="91.329"/>
  <testcase classname="testcases.Stage" name="EditStage" time="63.123"/>
  <testcase classname="testcases.Stage" name="StageListing" time="73.411"/>
  <testcase classname="testcases.Status" name="validationCheck" time="36.074"/>
  <testcase classname="testcases.Status" name="addStatus" time="69.142"/>
  <testcase classname="testcases.Status" name="EditStatus" time="64.886"/>
  <testcase classname="testcases.Status" name="StatusListing" time="74.429"/>
  <testcase classname="testcases.TaxAndDiscount" name="ValidationCheck" time="33.857"/>
  <testcase classname="testcases.TaxAndDiscount" name="AddTaxAndDiscount" time="54.142"/>
  <testcase classname="testcases.TaxAndDiscount" name="ActiveAndINactive" time="45.512"/>
  <testcase classname="testcases.TemplateMapping" name="addTemplateMappingValidation" time="32.552"/>
  <testcase classname="testcases.TemplateMapping" name="addTemplateMapping" time="73.18"/>
  <testcase classname="testcases.TemplateMapping" name="TrainingFeedbacklisting" time="79.063"/>
  <testcase classname="testcases.Trip" name="validationCheck" time="35.33"/>
  <testcase classname="testcases.Trip" name="addTrip" time="48.599"/>
  <testcase classname="testcases.Trip" name="EditTrip" time="66.854"/>
  <testcase classname="testcases.Trip" name="TripListing" time="77.31"/>
  <testcase classname="testcases.UserTitle" name="validationCheck" time="33.16"/>
  <testcase classname="testcases.UserTitle" name="addUserTitle" time="47.621"/>
  <testcase classname="testcases.UserTitle" name="EditUserTitle" time="64.026"/>
  <testcase classname="testcases.UserTitle" name="StageListing" time="74.345"/>
  <testcase classname="testcases.Venue" name="addVenueValidationCheck" time="58.284"/>
  <testcase classname="testcases.Venue" name="addVenue" time="49.684"/>
  <testcase classname="testcases.Venue" name="editVenue" time="75.178"/>
  <testcase classname="testcases.Venue" name="addLayout" time="80.484"/>
  <testcase classname="testcases.Venue" name="deleteVenue" time="54.649"/>
  <testcase classname="utils.WebTestBase" name="@AfterSuite close" time="0.0">
    <ignored/>
  </testcase> <!-- @AfterSuite close -->
  <testcase classname="utils.WebTestBase" name="@AfterSuite close" time="0.0">
    <ignored/>
  </testcase> <!-- @AfterSuite close -->
  <testcase classname="utils.WebTestBase" name="@AfterSuite close" time="0.0">
    <ignored/>
  </testcase> <!-- @AfterSuite close -->
  <testcase classname="utils.WebTestBase" name="@AfterSuite close" time="0.0">
    <ignored/>
  </testcase> <!-- @AfterSuite close -->
  <testcase classname="utils.WebTestBase" name="@AfterSuite close" time="0.0">
    <ignored/>
  </testcase> <!-- @AfterSuite close -->
  <testcase classname="utils.WebTestBase" name="@AfterSuite close" time="0.0">
    <ignored/>
  </testcase> <!-- @AfterSuite close -->
  <testcase classname="utils.WebTestBase" name="@AfterSuite close" time="0.0">
    <ignored/>
  </testcase> <!-- @AfterSuite close -->
  <testcase classname="utils.WebTestBase" name="@AfterSuite close" time="0.0">
    <ignored/>
  </testcase> <!-- @AfterSuite close -->
  <testcase classname="utils.WebTestBase" name="@AfterSuite close" time="0.0">
    <ignored/>
  </testcase> <!-- @AfterSuite close -->
  <testcase classname="utils.WebTestBase" name="@AfterSuite close" time="0.0">
    <ignored/>
  </testcase> <!-- @AfterSuite close -->
  <testcase classname="utils.WebTestBase" name="@AfterSuite close" time="0.0">
    <ignored/>
  </testcase> <!-- @AfterSuite close -->
  <testcase classname="utils.WebTestBase" name="@AfterSuite close" time="0.0">
    <ignored/>
  </testcase> <!-- @AfterSuite close -->
  <testcase classname="utils.WebTestBase" name="@AfterSuite close" time="0.0">
    <ignored/>
  </testcase> <!-- @AfterSuite close -->
  <testcase classname="utils.WebTestBase" name="@AfterSuite close" time="0.0">
    <ignored/>
  </testcase> <!-- @AfterSuite close -->
  <testcase classname="utils.WebTestBase" name="@AfterSuite close" time="0.0">
    <ignored/>
  </testcase> <!-- @AfterSuite close -->
  <testcase classname="utils.WebTestBase" name="@AfterSuite close" time="0.0">
    <ignored/>
  </testcase> <!-- @AfterSuite close -->
  <testcase classname="utils.WebTestBase" name="@AfterSuite close" time="0.0">
    <ignored/>
  </testcase> <!-- @AfterSuite close -->
  <testcase classname="utils.WebTestBase" name="@AfterSuite close" time="0.0">
    <ignored/>
  </testcase> <!-- @AfterSuite close -->
  <testcase classname="utils.WebTestBase" name="@AfterSuite close" time="0.0">
    <ignored/>
  </testcase> <!-- @AfterSuite close -->
  <testcase classname="utils.WebTestBase" name="@AfterSuite close" time="0.0">
    <ignored/>
  </testcase> <!-- @AfterSuite close -->
  <testcase classname="utils.WebTestBase" name="@AfterSuite close" time="0.0">
    <ignored/>
  </testcase> <!-- @AfterSuite close -->
  <testcase classname="utils.WebTestBase" name="@AfterSuite close" time="0.0">
    <ignored/>
  </testcase> <!-- @AfterSuite close -->
  <testcase classname="utils.WebTestBase" name="@AfterSuite close" time="0.0">
    <ignored/>
  </testcase> <!-- @AfterSuite close -->
  <testcase classname="utils.WebTestBase" name="@AfterSuite close" time="0.0">
    <ignored/>
  </testcase> <!-- @AfterSuite close -->
  <testcase classname="utils.WebTestBase" name="@AfterSuite close" time="0.0">
    <ignored/>
  </testcase> <!-- @AfterSuite close -->
  <testcase classname="utils.WebTestBase" name="@AfterSuite close" time="0.0">
    <ignored/>
  </testcase> <!-- @AfterSuite close -->
  <testcase classname="utils.WebTestBase" name="@AfterSuite close" time="0.0">
    <ignored/>
  </testcase> <!-- @AfterSuite close -->
  <testcase classname="utils.WebTestBase" name="@AfterSuite close" time="0.0">
    <ignored/>
  </testcase> <!-- @AfterSuite close -->
  <testcase classname="utils.WebTestBase" name="@AfterSuite close" time="0.0">
    <ignored/>
  </testcase> <!-- @AfterSuite close -->
  <testcase classname="utils.WebTestBase" name="@AfterSuite close" time="0.0">
    <ignored/>
  </testcase> <!-- @AfterSuite close -->
</testsuite> <!-- TestName -->
